********************
Record time:2018-11-05 15:36:02
online device num: 4 ,List:
['150561379', '139615610', '150561772', '139615610']
offline device Num: 4, List:
['752641570', '139615748', '150562323', '150562100'] 
====================********************
Record time:2018-11-05 15:37:32
online device num: 4 ,List:
['150561379', '139615610', '150561772', '139615610']
offline device Num: 4, List:
['752641570', '139615748', '150562323', '150562100'] 
====================********************
Record time:2018-11-05 15:37:53
online device num: 4 ,List:
['150561379', '139615610', '150561772', '139615610']
offline device Num: 4, List:
['752641570', '139615748', '150562323', '150562100'] 
====================********************
Record time:2018-11-05 15:38:54
online device num: 4 ,List:
['150561379', '139615610', '150561772', '139615610']
offline device Num: 4, List:
['752641570', '139615748', '150562323', '150562100'] 
====================********************
Record time:2018-11-05 15:39:54
online device num: 4 ,List:
['150561379', '139615610', '150561772', '139615610']
offline device Num: 4, List:
['752641570', '139615748', '150562323', '150562100'] 
====================********************
Record time:2018-11-05 15:40:54
online device num: 4 ,List:
['150561379', '139615610', '150561772', '139615610']
offline device Num: 4, List:
['752641570', '139615748', '150562323', '150562100'] 
====================********************
Record time:2018-11-05 15:41:54
online device num: 4 ,List:
['150561379', '139615610', '150561772', '139615610']
offline device Num: 4, List:
['752641570', '139615748', '150562323', '150562100'] 
====================********************
Record time:2018-11-05 15:42:54
online device num: 4 ,List:
['150561379', '139615610', '150561772', '139615610']
offline device Num: 4, List:
['752641570', '139615748', '150562323', '150562100'] 
====================********************
Record time:2018-11-05 15:43:54
online device num: 5 ,List:
['150561379', '752641570', '139615610', '150561772', '139615610']
offline device Num: 3, List:
['139615748', '150562323', '150562100'] 
====================********************
Record time:2018-11-05 15:44:54
online device num: 5 ,List:
['150561379', '752641570', '139615610', '150561772', '139615610']
offline device Num: 3, List:
['139615748', '150562323', '150562100'] 
====================********************
Record time:2018-11-05 15:45:54
online device num: 5 ,List:
['150561379', '752641570', '139615610', '150561772', '139615610']
offline device Num: 3, List:
['139615748', '150562323', '150562100'] 
====================********************
Record time:2018-11-05 15:46:54
online device num: 5 ,List:
['150561379', '752641570', '139615610', '150561772', '139615610']
offline device Num: 3, List:
['139615748', '150562323', '150562100'] 
====================********************
Record time:2018-11-05 15:47:54
online device num: 5 ,List:
['150561379', '752641570', '139615610', '150561772', '139615610']
offline device Num: 3, List:
['139615748', '150562323', '150562100'] 
====================********************
Record time:2018-11-05 15:48:54
online device num: 5 ,List:
['150561379', '752641570', '139615610', '150561772', '139615610']
offline device Num: 3, List:
['139615748', '150562323', '150562100'] 
====================********************
Record time:2018-11-05 15:49:54
online device num: 5 ,List:
['150561379', '752641570', '139615610', '150561772', '139615610']
offline device Num: 3, List:
['139615748', '150562323', '150562100'] 
====================********************
Record time:2018-11-05 15:50:54
online device num: 5 ,List:
['150561379', '752641570', '139615610', '150561772', '139615610']
offline device Num: 3, List:
['139615748', '150562323', '150562100'] 
====================********************
Record time:2018-11-05 15:51:55
online device num: 5 ,List:
['150561379', '752641570', '139615610', '150561772', '139615610']
offline device Num: 3, List:
['139615748', '150562323', '150562100'] 
====================********************
Record time:2018-11-05 15:52:55
online device num: 5 ,List:
['150561379', '752641570', '139615610', '150561772', '139615610']
offline device Num: 3, List:
['139615748', '150562323', '150562100'] 
====================********************
Record time:2018-11-05 15:53:55
online device num: 5 ,List:
['150561379', '752641570', '139615610', '150561772', '139615610']
offline device Num: 3, List:
['139615748', '150562323', '150562100'] 
====================********************
Record time:2018-11-05 15:54:55
online device num: 3 ,List:
['150561379', '752641570', '150561772']
offline device Num: 5, List:
['139615748', '150562323', '139615610', '150562100', '139615610'] 
====================********************
Record time:2018-11-05 15:55:55
online device num: 5 ,List:
['150561379', '752641570', '139615610', '150561772', '139615610']
offline device Num: 3, List:
['139615748', '150562323', '150562100'] 
====================********************
Record time:2018-11-05 15:56:55
online device num: 5 ,List:
['150561379', '752641570', '139615610', '150561772', '139615610']
offline device Num: 3, List:
['139615748', '150562323', '150562100'] 
====================********************
Record time:2018-11-05 15:57:55
online device num: 5 ,List:
['150561379', '752641570', '139615610', '150561772', '139615610']
offline device Num: 3, List:
['139615748', '150562323', '150562100'] 
====================********************
Record time:2018-11-05 15:58:56
online device num: 5 ,List:
['150561379', '752641570', '139615610', '150561772', '139615610']
offline device Num: 3, List:
['139615748', '150562323', '150562100'] 
====================********************
Record time:2018-11-05 15:59:56
online device num: 5 ,List:
['150561379', '752641570', '139615610', '150561772', '139615610']
offline device Num: 3, List:
['139615748', '150562323', '150562100'] 
====================