********************
Record time:2018-11-01 11:36:36
total: 12216
Find ZQ  device num:502
Find Gong  device num:3000
Find lan  device num:3000
Find 00  device num:285
Find Su  device num:2853
Other device num:2576

Find ip address: 0.0.0.0  device num:426
========================
********************
Record time:2018-11-01 11:37:05
total: 13424
Find ZQ  device num:1684
Find Gong  device num:3000
Find lan  device num:3000
Find zb  device num:2313
Find Su  device num:3000
Other device num:427

Find ip address: 0.0.0.0  device num:426
========================
********************
Record time:2018-11-01 11:38:06
total: 14533
Find ZQ  device num:1837
Find Gong  device num:3958
Find lan  device num:3000
Find zb  device num:2313
Find Su  device num:3000
Other device num:425

Find ip address: 0.0.0.0  device num:424
========================
********************
Record time:2018-11-01 11:38:08
total: 14532
Find ZQ  device num:1837
Find Gong  device num:3957
Find lan  device num:3000
Find zb  device num:2313
Find Su  device num:3000
Other device num:425

Find ip address: 0.0.0.0  device num:424
========================
********************
Record time:2018-11-01 11:38:36
total: 14412
Find ZQ  device num:1286
Find Gong  device num:4388
Find lan  device num:3000
Find zb  device num:2313
Find Su  device num:3000
Other device num:425

Find ip address: 0.0.0.0  device num:424
========================
********************
Record time:2018-11-01 11:39:03
total: 13569
Find ZQ  device num:466
Find Gong  device num:4363
Find lan  device num:3000
Find zb  device num:2313
Find Su  device num:3000
Other device num:427

Find ip address: 0.0.0.0  device num:426
========================
********************
Record time:2018-11-01 11:39:32
total: 14663
Find ZQ  device num:479
Find Gong  device num:5444
Find lan  device num:3000
Find zb  device num:2313
Find Su  device num:3000
Other device num:427

Find ip address: 0.0.0.0  device num:426
========================
********************
Record time:2018-11-01 11:40:15
total: 14529
Find ZQ  device num:330
Find Gong  device num:5458
Find lan  device num:3000
Find zb  device num:2312
Find Su  device num:3000
Other device num:429

Find ip address: 0.0.0.0  device num:428
========================
********************
Record time:2018-11-01 11:41:24
total: 15705
Find ZQ  device num:396
Find Gong  device num:6567
Find lan  device num:3000
Find zb  device num:2313
Find Su  device num:3000
Other device num:429

Find ip address: 0.0.0.0  device num:428
========================
********************
Record time:2018-11-01 11:42:28
total: 14592
Find ZQ  device num:268
Find Gong  device num:5590
Find lan  device num:3000
Find zb  device num:2313
Find Su  device num:2996
Other device num:425

Find ip address: 0.0.0.0  device num:424
========================
********************
Record time:2018-11-01 11:43:30
total: 13994
Find ZQ  device num:201
Find Gong  device num:5882
Find lan  device num:3000
Find zb  device num:2313
Find Su  device num:2173
Other device num:425

Find ip address: 0.0.0.0  device num:424
========================
********************
Record time:2018-11-01 11:44:31
total: 11257
Find ZQ  device num:16
Find Gong  device num:3888
Find lan  device num:3000
Find zb  device num:2313
Find Su  device num:1620
Other device num:420

Find ip address: 0.0.0.0  device num:419
========================
********************
Record time:2018-11-01 11:44:43
total: 11290
Find ZQ  device num:1086
Find Gong  device num:2972
Find lan  device num:3000
Find zb  device num:2313
Find Su  device num:1499
Other device num:420

Find ip address: 0.0.0.0  device num:419
========================
********************
Record time:2018-11-01 11:45:11
total: 13215
Find ZQ  device num:3004
Find Gong  device num:2979
Find lan  device num:3000
Find zb  device num:2313
Find Su  device num:1498
Other device num:421

Find ip address: 0.0.0.0  device num:420
========================
********************
Record time:2018-11-01 11:45:25
total: 12538
Find ZQ  device num:3004
Find Gong  device num:2975
Find lan  device num:3000
Find zb  device num:2313
Find Su  device num:825
Other device num:421

Find ip address: 0.0.0.0  device num:420
========================
********************
Record time:2018-11-01 11:45:39
total: 10863
Find ZQ  device num:2999
Find Gong  device num:1903
Find lan  device num:3000
Find zb  device num:2313
Find Su  device num:227
Other device num:421

Find ip address: 0.0.0.0  device num:420
========================
********************
Record time:2018-11-01 11:45:44
total: 10667
Find ZQ  device num:2996
Find Gong  device num:1864
Find lan  device num:3000
Find zb  device num:2313
Find Su  device num:73
Other device num:421

Find ip address: 0.0.0.0  device num:420
========================
********************
Record time:2018-11-01 11:46:32
total: 11597
Find ZQ  device num:2996
Find Gong  device num:2864
Find lan  device num:3000
Find zb  device num:2313
Find Su  device num:0
Other device num:424

Find ip address: 0.0.0.0  device num:423
========================
********************
Record time:2018-11-01 11:47:33
total: 11732
Find ZQ  device num:2997
Find Gong  device num:2999
Find lan  device num:3000
Find zb  device num:2312
Find Su  device num:0
Other device num:424

Find ip address: 0.0.0.0  device num:423
========================
********************
Record time:2018-11-01 11:48:34
total: 11734
Find ZQ  device num:2997
Find Gong  device num:3000
Find lan  device num:3000
Find zb  device num:2313
Find Su  device num:0
Other device num:424

Find ip address: 0.0.0.0  device num:423
========================
********************
Record time:2018-11-01 11:49:35
total: 11737
Find ZQ  device num:2996
Find Gong  device num:3000
Find lan  device num:3000
Find zb  device num:2313
Find Su  device num:0
Other device num:428

Find ip address: 0.0.0.0  device num:427
========================
********************
Record time:2018-11-01 11:50:41
total: 11739
Find ZQ  device num:2997
Find Gong  device num:3000
Find lan  device num:3000
Find zb  device num:2313
Find Su  device num:0
Other device num:429

Find ip address: 0.0.0.0  device num:428
========================
********************
Record time:2018-11-01 11:51:42
total: 11739
Find ZQ  device num:2997
Find Gong  device num:3000
Find lan  device num:3000
Find zb  device num:2313
Find Su  device num:0
Other device num:429

Find ip address: 0.0.0.0  device num:428
========================
********************
Record time:2018-11-01 11:52:43
total: 12629
Find ZQ  device num:2998
Find Gong  device num:3000
Find lan  device num:3000
Find zb  device num:2313
Find Su  device num:889
Other device num:429

Find ip address: 0.0.0.0  device num:428
========================
********************
Record time:2018-11-01 11:53:47
total: 11791
Find ZQ  device num:2997
Find Gong  device num:3000
Find lan  device num:3000
Find zb  device num:2313
Find Su  device num:50
Other device num:431

Find ip address: 0.0.0.0  device num:430
========================
********************
Record time:2018-11-01 11:54:49
total: 11742
Find ZQ  device num:2997
Find Gong  device num:3000
Find lan  device num:3000
Find zb  device num:2313
Find Su  device num:0
Other device num:432

Find ip address: 0.0.0.0  device num:431
========================
********************
Record time:2018-11-01 11:55:50
total: 14687
Find ZQ  device num:2997
Find Gong  device num:3000
Find lan  device num:3000
Find zb  device num:2313
Find Su  device num:2946
Other device num:431

Find ip address: 0.0.0.0  device num:430
========================
********************
Record time:2018-11-01 11:56:53
total: 14736
Find ZQ  device num:2997
Find Gong  device num:3000
Find lan  device num:3000
Find zb  device num:2313
Find Su  device num:2996
Other device num:430

Find ip address: 0.0.0.0  device num:429
========================
********************
Record time:2018-11-01 11:57:55
total: 15261
Find ZQ  device num:2997
Find Gong  device num:3000
Find lan  device num:3000
Find zb  device num:2313
Find Su  device num:3000
Other device num:951

Find ip address: 0.0.0.0  device num:950
========================
********************
Record time:2018-11-01 11:58:56
total: 15257
Find ZQ  device num:2997
Find Gong  device num:3000
Find lan  device num:3000
Find zb  device num:2313
Find Su  device num:3000
Other device num:947

Find ip address: 0.0.0.0  device num:946
========================
********************
Record time:2018-11-01 11:59:59
total: 15256
Find ZQ  device num:2997
Find Gong  device num:3000
Find lan  device num:3000
Find zb  device num:2313
Find Su  device num:3000
Other device num:946

Find ip address: 0.0.0.0  device num:945
========================
********************
Record time:2018-11-01 12:01:04
total: 15267
Find ZQ  device num:2997
Find Gong  device num:3000
Find lan  device num:3000
Find zb  device num:2313
Find Su  device num:3000
Other device num:957

Find ip address: 0.0.0.0  device num:956
========================
********************
Record time:2018-11-01 12:02:08
total: 15262
Find ZQ  device num:2997
Find Gong  device num:2999
Find lan  device num:3000
Find zb  device num:2313
Find Su  device num:3000
Other device num:953

Find ip address: 0.0.0.0  device num:952
========================
********************
Record time:2018-11-01 12:03:10
total: 15266
Find ZQ  device num:2996
Find Gong  device num:3000
Find lan  device num:3000
Find zb  device num:2313
Find Su  device num:3000
Other device num:957

Find ip address: 0.0.0.0  device num:956
========================
********************
Record time:2018-11-01 12:04:12
total: 15262
Find ZQ  device num:2997
Find Gong  device num:3000
Find lan  device num:3000
Find zb  device num:2313
Find Su  device num:3000
Other device num:952

Find ip address: 0.0.0.0  device num:951
========================
********************
Record time:2018-11-01 12:05:25
total: 15253
Find ZQ  device num:2997
Find Gong  device num:2999
Find lan  device num:2999
Find zb  device num:2311
Find Su  device num:3000
Other device num:947

Find ip address: 0.0.0.0  device num:946
========================
********************
Record time:2018-11-01 12:06:27
total: 15266
Find ZQ  device num:2997
Find Gong  device num:3000
Find lan  device num:3000
Find zb  device num:2312
Find Su  device num:3000
Other device num:957

Find ip address: 0.0.0.0  device num:956
========================
********************
Record time:2018-11-01 12:07:29
total: 15277
Find ZQ  device num:2997
Find Gong  device num:3000
Find lan  device num:3000
Find zb  device num:2313
Find Su  device num:3000
Other device num:967

Find ip address: 0.0.0.0  device num:966
========================
********************
Record time:2018-11-01 12:08:31
total: 15272
Find ZQ  device num:2997
Find Gong  device num:3000
Find lan  device num:3000
Find zb  device num:2313
Find Su  device num:3000
Other device num:962

Find ip address: 0.0.0.0  device num:961
========================
********************
Record time:2018-11-01 12:09:33
total: 15279
Find ZQ  device num:2997
Find Gong  device num:3000
Find lan  device num:3000
Find zb  device num:2313
Find Su  device num:3000
Other device num:969

Find ip address: 0.0.0.0  device num:968
========================
********************
Record time:2018-11-01 12:10:41
total: 15283
Find ZQ  device num:2998
Find Gong  device num:3000
Find lan  device num:3000
Find zb  device num:2313
Find Su  device num:2999
Other device num:973

Find ip address: 0.0.0.0  device num:972
========================
********************
Record time:2018-11-01 12:11:43
total: 15278
Find ZQ  device num:2997
Find Gong  device num:3000
Find lan  device num:3000
Find zb  device num:2313
Find Su  device num:3000
Other device num:968

Find ip address: 0.0.0.0  device num:967
========================
********************
Record time:2018-11-01 12:12:44
total: 15283
Find ZQ  device num:2997
Find Gong  device num:3000
Find lan  device num:3000
Find zb  device num:2313
Find Su  device num:3000
Other device num:973

Find ip address: 0.0.0.0  device num:972
========================
********************
Record time:2018-11-01 12:13:46
total: 15291
Find ZQ  device num:2997
Find Gong  device num:3000
Find lan  device num:3000
Find zb  device num:2313
Find Su  device num:2999
Other device num:982

Find ip address: 0.0.0.0  device num:981
========================
********************
Record time:2018-11-01 12:14:47
total: 15294
Find ZQ  device num:2997
Find Gong  device num:3000
Find lan  device num:3000
Find zb  device num:2313
Find Su  device num:3000
Other device num:984

Find ip address: 0.0.0.0  device num:983
========================
********************
Record time:2018-11-01 12:15:50
total: 15294
Find ZQ  device num:2997
Find Gong  device num:3000
Find lan  device num:3000
Find zb  device num:2313
Find Su  device num:3000
Other device num:984

Find ip address: 0.0.0.0  device num:983
========================
********************
Record time:2018-11-01 12:16:52
total: 15293
Find ZQ  device num:2997
Find Gong  device num:3000
Find lan  device num:3000
Find zb  device num:2312
Find Su  device num:2998
Other device num:986

Find ip address: 0.0.0.0  device num:985
========================
********************
Record time:2018-11-01 12:17:54
total: 15297
Find ZQ  device num:2998
Find Gong  device num:3000
Find lan  device num:3000
Find zb  device num:2313
Find Su  device num:3000
Other device num:986

Find ip address: 0.0.0.0  device num:985
========================
********************
Record time:2018-11-01 12:18:56
total: 15295
Find ZQ  device num:2997
Find Gong  device num:3000
Find lan  device num:3000
Find zb  device num:2313
Find Su  device num:3000
Other device num:985

Find ip address: 0.0.0.0  device num:984
========================
********************
Record time:2018-11-01 12:19:58
total: 15295
Find ZQ  device num:2997
Find Gong  device num:2999
Find lan  device num:3000
Find zb  device num:2313
Find Su  device num:3000
Other device num:986

Find ip address: 0.0.0.0  device num:985
========================
********************
Record time:2018-11-01 12:21:00
total: 15294
Find ZQ  device num:2997
Find Gong  device num:3000
Find lan  device num:3000
Find zb  device num:2313
Find Su  device num:3000
Other device num:984

Find ip address: 0.0.0.0  device num:983
========================
********************
Record time:2018-11-01 12:22:02
total: 15295
Find ZQ  device num:2997
Find Gong  device num:3000
Find lan  device num:3000
Find zb  device num:2313
Find Su  device num:3000
Other device num:985

Find ip address: 0.0.0.0  device num:984
========================
********************
Record time:2018-11-01 12:23:05
total: 15297
Find ZQ  device num:2996
Find Gong  device num:3000
Find lan  device num:3000
Find zb  device num:2313
Find Su  device num:3000
Other device num:988

Find ip address: 0.0.0.0  device num:987
========================
********************
Record time:2018-11-01 12:24:07
total: 15299
Find ZQ  device num:2997
Find Gong  device num:3000
Find lan  device num:3000
Find zb  device num:2313
Find Su  device num:3000
Other device num:989

Find ip address: 0.0.0.0  device num:988
========================
********************
Record time:2018-11-01 12:25:09
total: 15302
Find ZQ  device num:2998
Find Gong  device num:3000
Find lan  device num:3000
Find zb  device num:2313
Find Su  device num:3000
Other device num:991

Find ip address: 0.0.0.0  device num:990
========================
********************
Record time:2018-11-01 12:26:11
total: 15304
Find ZQ  device num:2997
Find Gong  device num:3000
Find lan  device num:3000
Find zb  device num:2313
Find Su  device num:3000
Other device num:994

Find ip address: 0.0.0.0  device num:993
========================
********************
Record time:2018-11-01 12:27:13
total: 15305
Find ZQ  device num:2997
Find Gong  device num:3000
Find lan  device num:3000
Find zb  device num:2313
Find Su  device num:3000
Other device num:995

Find ip address: 0.0.0.0  device num:994
========================
********************
Record time:2018-11-01 12:28:17
total: 15306
Find ZQ  device num:2997
Find Gong  device num:3000
Find lan  device num:3000
Find zb  device num:2313
Find Su  device num:3000
Other device num:996

Find ip address: 0.0.0.0  device num:995
========================
********************
Record time:2018-11-01 12:29:22
total: 15306
Find ZQ  device num:2997
Find Gong  device num:3000
Find lan  device num:3000
Find zb  device num:2313
Find Su  device num:3000
Other device num:996

Find ip address: 0.0.0.0  device num:995
========================
********************
Record time:2018-11-01 12:30:35
total: 15305
Find ZQ  device num:2998
Find Gong  device num:3000
Find lan  device num:3000
Find zb  device num:2313
Find Su  device num:3000
Other device num:994

Find ip address: 0.0.0.0  device num:993
========================
********************
Record time:2018-11-01 12:31:42
total: 15303
Find ZQ  device num:2997
Find Gong  device num:3000
Find lan  device num:3000
Find zb  device num:2313
Find Su  device num:3000
Other device num:993

Find ip address: 0.0.0.0  device num:992
========================
********************
Record time:2018-11-01 12:33:11
total: 15303
Find ZQ  device num:2998
Find Gong  device num:3000
Find lan  device num:3000
Find zb  device num:2313
Find Su  device num:3000
Other device num:992

Find ip address: 0.0.0.0  device num:991
========================
********************
Record time:2018-11-01 12:34:30
total: 15303
Find ZQ  device num:2997
Find Gong  device num:3000
Find lan  device num:3000
Find zb  device num:2313
Find Su  device num:3000
Other device num:993

Find ip address: 0.0.0.0  device num:992
========================
********************
Record time:2018-11-01 12:35:35
total: 15294
Find ZQ  device num:2997
Find Gong  device num:3000
Find lan  device num:3000
Find zb  device num:2313
Find Su  device num:3000
Other device num:984

Find ip address: 0.0.0.0  device num:983
========================
********************
Record time:2018-11-01 12:37:50
total: 15301
Find ZQ  device num:2997
Find Gong  device num:3000
Find lan  device num:3000
Find zb  device num:2313
Find Su  device num:3000
Other device num:991

Find ip address: 0.0.0.0  device num:990
========================
********************
Record time:2018-11-01 12:39:11
total: 15299
Find ZQ  device num:2996
Find Gong  device num:3000
Find lan  device num:2999
Find zb  device num:2313
Find Su  device num:3000
Other device num:991

Find ip address: 0.0.0.0  device num:990
========================
********************
Record time:2018-11-01 12:40:38
total: 15301
Find ZQ  device num:2997
Find Gong  device num:3000
Find lan  device num:3000
Find zb  device num:2313
Find Su  device num:3000
Other device num:991

Find ip address: 0.0.0.0  device num:990
========================
********************
Record time:2018-11-01 12:41:48
total: 15304
Find ZQ  device num:2997
Find Gong  device num:3000
Find lan  device num:3000
Find zb  device num:2313
Find Su  device num:3000
Other device num:994

Find ip address: 0.0.0.0  device num:993
========================
********************
Record time:2018-11-01 12:42:59
total: 15304
Find ZQ  device num:2997
Find Gong  device num:3000
Find lan  device num:3000
Find zb  device num:2313
Find Su  device num:3000
Other device num:994

Find ip address: 0.0.0.0  device num:993
========================
********************
Record time:2018-11-01 12:44:06
total: 15307
Find ZQ  device num:2998
Find Gong  device num:3000
Find lan  device num:3000
Find zb  device num:2313
Find Su  device num:3000
Other device num:996

Find ip address: 0.0.0.0  device num:995
========================
********************
Record time:2018-11-01 12:45:16
total: 15307
Find ZQ  device num:2997
Find Gong  device num:3000
Find lan  device num:3000
Find zb  device num:2313
Find Su  device num:3000
Other device num:997

Find ip address: 0.0.0.0  device num:996
========================

********************
Record time:2018-11-01 12:45:52
total: 15306
Find ZQ  device num:2997
Find Gong  device num:3000
Find lan  device num:3000
Find zb  device num:2313
Find Su  device num:3000
Other device num:996

Find ip address: 0.0.0.0  device num:995
========================
********************
Record time:2018-11-01 12:46:07
total: 15307
Find ZQ  device num:2997
Find Gong  device num:3000
Find lan  device num:3000
Find zb  device num:2313
Find Su  device num:3000
Other device num:997

Find ip address: 0.0.0.0  device num:996
========================
********************
Record time:2018-11-01 12:47:08
total: 15306
Find ZQ  device num:2997
Find Gong  device num:2999
Find lan  device num:3000
Find zb  device num:2313
Find Su  device num:3000
Other device num:997

Find ip address: 0.0.0.0  device num:996
========================
********************
Record time:2018-11-01 12:48:10
total: 15307
Find ZQ  device num:2997
Find Gong  device num:3000
Find lan  device num:3000
Find zb  device num:2313
Find Su  device num:3000
Other device num:997

Find ip address: 0.0.0.0  device num:996
========================
********************
Record time:2018-11-01 12:49:12
total: 15307
Find ZQ  device num:2997
Find Gong  device num:3000
Find lan  device num:3000
Find zb  device num:2313
Find Su  device num:3000
Other device num:997

Find ip address: 0.0.0.0  device num:996
========================
********************
Record time:2018-11-01 12:50:15
total: 15307
Find ZQ  device num:2998
Find Gong  device num:3000
Find lan  device num:3000
Find zb  device num:2313
Find Su  device num:3000
Other device num:996

Find ip address: 0.0.0.0  device num:995
========================
********************
Record time:2018-11-01 12:51:16
total: 15306
Find ZQ  device num:2998
Find Gong  device num:3000
Find lan  device num:3000
Find zb  device num:2313
Find Su  device num:3000
Other device num:995

Find ip address: 0.0.0.0  device num:994
========================
********************
Record time:2018-11-01 12:52:20
total: 15304
Find ZQ  device num:2997
Find Gong  device num:3000
Find lan  device num:3000
Find zb  device num:2313
Find Su  device num:3000
Other device num:994

Find ip address: 0.0.0.0  device num:993
========================
********************
Record time:2018-11-01 12:53:22
total: 15293
Find ZQ  device num:2996
Find Gong  device num:2999
Find lan  device num:2996
Find zb  device num:2310
Find Su  device num:3000
Other device num:992

Find ip address: 0.0.0.0  device num:991
========================
********************
Record time:2018-11-01 12:54:25
total: 15301
Find ZQ  device num:2997
Find Gong  device num:3000
Find lan  device num:2998
Find zb  device num:2312
Find Su  device num:3000
Other device num:994

Find ip address: 0.0.0.0  device num:993
========================
********************
Record time:2018-11-01 12:55:26
total: 15293
Find ZQ  device num:2997
Find Gong  device num:2999
Find lan  device num:2998
Find zb  device num:2310
Find Su  device num:2998
Other device num:991

Find ip address: 0.0.0.0  device num:990
========================
********************
Record time:2018-11-01 12:56:35
total: 15302
Find ZQ  device num:2998
Find Gong  device num:3000
Find lan  device num:3000
Find zb  device num:2313
Find Su  device num:3000
Other device num:991

Find ip address: 0.0.0.0  device num:990
========================
********************
Record time:2018-11-01 12:57:40
total: 15303
Find ZQ  device num:2997
Find Gong  device num:3000
Find lan  device num:3000
Find zb  device num:2313
Find Su  device num:3000
Other device num:993

Find ip address: 0.0.0.0  device num:992
========================
********************
Record time:2018-11-01 12:58:55
total: 15303
Find ZQ  device num:2997
Find Gong  device num:3000
Find lan  device num:3000
Find zb  device num:2313
Find Su  device num:3000
Other device num:993

Find ip address: 0.0.0.0  device num:992
========================
********************
Record time:2018-11-01 13:00:13
total: 15291
Find ZQ  device num:2998
Find Gong  device num:3000
Find lan  device num:3000
Find zb  device num:2313
Find Su  device num:3000
Other device num:980

Find ip address: 0.0.0.0  device num:979
========================
********************
Record time:2018-11-01 13:01:29
total: 15287
Find ZQ  device num:2997
Find Gong  device num:3000
Find lan  device num:3000
Find zb  device num:2313
Find Su  device num:3000
Other device num:977

Find ip address: 0.0.0.0  device num:976
========================
********************
Record time:2018-11-01 13:02:49
total: 15290
Find ZQ  device num:2997
Find Gong  device num:2999
Find lan  device num:2999
Find zb  device num:2312
Find Su  device num:3000
Other device num:983

Find ip address: 0.0.0.0  device num:982
========================
********************
Record time:2018-11-01 13:04:12
total: 15295
Find ZQ  device num:2997
Find Gong  device num:3000
Find lan  device num:3000
Find zb  device num:2313
Find Su  device num:3000
Other device num:985

Find ip address: 0.0.0.0  device num:984
========================
********************
Record time:2018-11-01 13:05:15
total: 15291
Find ZQ  device num:2997
Find Gong  device num:3000
Find lan  device num:3000
Find zb  device num:2313
Find Su  device num:3000
Other device num:981

Find ip address: 0.0.0.0  device num:980
========================
********************
Record time:2018-11-01 13:06:20
total: 15294
Find ZQ  device num:2997
Find Gong  device num:3000
Find lan  device num:3000
Find zb  device num:2313
Find Su  device num:3000
Other device num:984

Find ip address: 0.0.0.0  device num:983
========================
********************
Record time:2018-11-01 13:07:38
total: 15300
Find ZQ  device num:2997
Find Gong  device num:3000
Find lan  device num:3000
Find zb  device num:2313
Find Su  device num:3000
Other device num:990

Find ip address: 0.0.0.0  device num:989
========================
********************
Record time:2018-11-01 13:08:47
total: 15302
Find ZQ  device num:2997
Find Gong  device num:3000
Find lan  device num:3000
Find zb  device num:2313
Find Su  device num:3000
Other device num:992

Find ip address: 0.0.0.0  device num:991
========================
********************
Record time:2018-11-01 13:09:49
total: 15303
Find ZQ  device num:2997
Find Gong  device num:3000
Find lan  device num:3000
Find zb  device num:2313
Find Su  device num:3000
Other device num:993

Find ip address: 0.0.0.0  device num:992
========================
********************
Record time:2018-11-01 13:10:54
total: 15306
Find ZQ  device num:2998
Find Gong  device num:3000
Find lan  device num:3000
Find zb  device num:2313
Find Su  device num:3000
Other device num:995

Find ip address: 0.0.0.0  device num:994
========================
********************
Record time:2018-11-01 13:12:00
total: 15300
Find ZQ  device num:2997
Find Gong  device num:3000
Find lan  device num:3000
Find zb  device num:2313
Find Su  device num:3000
Other device num:990

Find ip address: 0.0.0.0  device num:989
========================
********************
Record time:2018-11-01 13:13:10
total: 15306
Find ZQ  device num:2997
Find Gong  device num:3000
Find lan  device num:3000
Find zb  device num:2313
Find Su  device num:3000
Other device num:996

Find ip address: 0.0.0.0  device num:995
========================
********************
Record time:2018-11-01 13:14:12
total: 15308
Find ZQ  device num:2997
Find Gong  device num:3000
Find lan  device num:3000
Find zb  device num:2313
Find Su  device num:3000
Other device num:998

Find ip address: 0.0.0.0  device num:997
========================
********************
Record time:2018-11-01 13:15:14
total: 15300
Find ZQ  device num:2997
Find Gong  device num:3000
Find lan  device num:3000
Find zb  device num:2313
Find Su  device num:3000
Other device num:990

Find ip address: 0.0.0.0  device num:989
========================
********************
Record time:2018-11-01 13:16:16
total: 15304
Find ZQ  device num:2997
Find Gong  device num:3000
Find lan  device num:3000
Find zb  device num:2313
Find Su  device num:3000
Other device num:994

Find ip address: 0.0.0.0  device num:993
========================
********************
Record time:2018-11-01 13:17:18
total: 15303
Find ZQ  device num:2997
Find Gong  device num:3000
Find lan  device num:2999
Find zb  device num:2313
Find Su  device num:2999
Other device num:995

Find ip address: 0.0.0.0  device num:994
========================
********************
Record time:2018-11-01 13:18:20
total: 15303
Find ZQ  device num:2997
Find Gong  device num:3000
Find lan  device num:3000
Find zb  device num:2313
Find Su  device num:3000
Other device num:993

Find ip address: 0.0.0.0  device num:992
========================
********************
Record time:2018-11-01 13:19:27
total: 15292
Find ZQ  device num:2997
Find Gong  device num:3000
Find lan  device num:3000
Find zb  device num:2313
Find Su  device num:3000
Other device num:982

Find ip address: 0.0.0.0  device num:981
========================
********************
Record time:2018-11-01 13:20:30
total: 15290
Find ZQ  device num:2997
Find Gong  device num:3000
Find lan  device num:3000
Find zb  device num:2311
Find Su  device num:3000
Other device num:982

Find ip address: 0.0.0.0  device num:981
========================
********************
Record time:2018-11-01 13:21:32
total: 15298
Find ZQ  device num:2997
Find Gong  device num:3000
Find lan  device num:3000
Find zb  device num:2313
Find Su  device num:3000
Other device num:988

Find ip address: 0.0.0.0  device num:987
========================
********************
Record time:2018-11-01 13:22:34
total: 15296
Find ZQ  device num:2997
Find Gong  device num:3000
Find lan  device num:3000
Find zb  device num:2313
Find Su  device num:3000
Other device num:986

Find ip address: 0.0.0.0  device num:985
========================
********************
Record time:2018-11-01 13:23:52
total: 15297
Find ZQ  device num:2997
Find Gong  device num:3000
Find lan  device num:3000
Find zb  device num:2313
Find Su  device num:3000
Other device num:987

Find ip address: 0.0.0.0  device num:986
========================
********************
Record time:2018-11-01 13:24:54
total: 15299
Find ZQ  device num:2997
Find Gong  device num:3000
Find lan  device num:3000
Find zb  device num:2313
Find Su  device num:3000
Other device num:989

Find ip address: 0.0.0.0  device num:988
========================
********************
Record time:2018-11-01 13:25:59
total: 15300
Find ZQ  device num:2997
Find Gong  device num:3000
Find lan  device num:3000
Find zb  device num:2313
Find Su  device num:3000
Other device num:990

Find ip address: 0.0.0.0  device num:989
========================
********************
Record time:2018-11-01 13:27:02
total: 15306
Find ZQ  device num:2997
Find Gong  device num:3000
Find lan  device num:3000
Find zb  device num:2313
Find Su  device num:3000
Other device num:996

Find ip address: 0.0.0.0  device num:995
========================
********************
Record time:2018-11-01 13:28:11
total: 15306
Find ZQ  device num:2998
Find Gong  device num:2999
Find lan  device num:3000
Find zb  device num:2313
Find Su  device num:3000
Other device num:996

Find ip address: 0.0.0.0  device num:995
========================
********************
Record time:2018-11-01 13:29:14
total: 15308
Find ZQ  device num:2997
Find Gong  device num:3000
Find lan  device num:3000
Find zb  device num:2313
Find Su  device num:3000
Other device num:998

Find ip address: 0.0.0.0  device num:997
========================
********************
Record time:2018-11-01 13:30:16
total: 15303
Find ZQ  device num:2996
Find Gong  device num:2999
Find lan  device num:2999
Find zb  device num:2313
Find Su  device num:3000
Other device num:996

Find ip address: 0.0.0.0  device num:995
========================
********************
Record time:2018-11-01 13:31:17
total: 15304
Find ZQ  device num:2997
Find Gong  device num:3000
Find lan  device num:3000
Find zb  device num:2313
Find Su  device num:3000
Other device num:994

Find ip address: 0.0.0.0  device num:993
========================
********************
Record time:2018-11-01 13:32:19
total: 15304
Find ZQ  device num:2997
Find Gong  device num:3000
Find lan  device num:3000
Find zb  device num:2313
Find Su  device num:3000
Other device num:994

Find ip address: 0.0.0.0  device num:993
========================
********************
Record time:2018-11-01 13:33:22
total: 15303
Find ZQ  device num:2997
Find Gong  device num:3000
Find lan  device num:3000
Find zb  device num:2313
Find Su  device num:3000
Other device num:993

Find ip address: 0.0.0.0  device num:992
========================
********************
Record time:2018-11-01 13:34:24
total: 15305
Find ZQ  device num:2998
Find Gong  device num:3000
Find lan  device num:3000
Find zb  device num:2313
Find Su  device num:3000
Other device num:994

Find ip address: 0.0.0.0  device num:993
========================
********************
Record time:2018-11-01 13:35:28
total: 15305
Find ZQ  device num:2997
Find Gong  device num:3000
Find lan  device num:3000
Find zb  device num:2313
Find Su  device num:3000
Other device num:995

Find ip address: 0.0.0.0  device num:994
========================
********************
Record time:2018-11-01 13:36:31
total: 15302
Find ZQ  device num:2997
Find Gong  device num:3000
Find lan  device num:3000
Find zb  device num:2313
Find Su  device num:3000
Other device num:992

Find ip address: 0.0.0.0  device num:991
========================
********************
Record time:2018-11-01 13:37:51
total: 15303
Find ZQ  device num:2997
Find Gong  device num:3000
Find lan  device num:3000
Find zb  device num:2313
Find Su  device num:3000
Other device num:993

Find ip address: 0.0.0.0  device num:992
========================
********************
Record time:2018-11-01 13:39:05
total: 15301
Find ZQ  device num:2997
Find Gong  device num:3000
Find lan  device num:3000
Find zb  device num:2313
Find Su  device num:3000
Other device num:991

Find ip address: 0.0.0.0  device num:990
========================
********************
Record time:2018-11-01 13:40:09
total: 15301
Find ZQ  device num:2997
Find Gong  device num:3000
Find lan  device num:3000
Find zb  device num:2313
Find Su  device num:2999
Other device num:992

Find ip address: 0.0.0.0  device num:991
========================
********************
Record time:2018-11-01 13:41:12
total: 15302
Find ZQ  device num:2997
Find Gong  device num:3000
Find lan  device num:3000
Find zb  device num:2313
Find Su  device num:3000
Other device num:992

Find ip address: 0.0.0.0  device num:991
========================
********************
Record time:2018-11-01 13:42:14
total: 15302
Find ZQ  device num:2996
Find Gong  device num:3000
Find lan  device num:3000
Find zb  device num:2313
Find Su  device num:3000
Other device num:993

Find ip address: 0.0.0.0  device num:992
========================
********************
Record time:2018-11-01 13:43:16
total: 12866
Find ZQ  device num:2997
Find Gong  device num:3000
Find lan  device num:3000
Find zb  device num:2313
Find Su  device num:1031
Other device num:525

Find ip address: 0.0.0.0  device num:524
========================
********************
Record time:2018-11-01 13:44:17
total: 11735
Find ZQ  device num:2998
Find Gong  device num:3000
Find lan  device num:3000
Find zb  device num:2313
Find Su  device num:0
Other device num:424

Find ip address: 0.0.0.0  device num:423
========================
********************
Record time:2018-11-01 13:45:19
total: 11737
Find ZQ  device num:2998
Find Gong  device num:3000
Find lan  device num:3000
Find zb  device num:2313
Find Su  device num:0
Other device num:426

Find ip address: 0.0.0.0  device num:425
========================
********************
Record time:2018-11-01 13:46:21
total: 11738
Find ZQ  device num:2997
Find Gong  device num:3000
Find lan  device num:3000
Find zb  device num:2313
Find Su  device num:0
Other device num:428

Find ip address: 0.0.0.0  device num:427
========================
********************
Record time:2018-11-01 13:47:23
total: 11738
Find ZQ  device num:2997
Find Gong  device num:3000
Find lan  device num:3000
Find zb  device num:2313
Find Su  device num:0
Other device num:428

Find ip address: 0.0.0.0  device num:427
========================
